<?xml version="1.0" encoding="utf-8"?><testsuites><testsuite name="pytest" errors="0" failures="0" skipped="3" tests="9" time="0.218" timestamp="2023-03-18T14:12:06.601723" hostname="GGS-Dell-i7-16GB"><testcase classname="tests.scenarios.test_01_home" name="test_home1" time="0.016" /><testcase classname="tests.scenarios.test_01_home" name="test_home2" time="0.004"><skipped type="pytest.xfail" message="" /></testcase><testcase classname="tests.scenarios.test_01_home" name="test_home3" time="0.002"><skipped type="pytest.xfail" message="" /></testcase><testcase classname="tests.scenarios.test_02_check" name="test_check1" time="0.002" /><testcase classname="tests.scenarios.test_02_check" name="test_check2" time="0.003" /><testcase classname="tests.scenarios.test_02_check" name="test_check3" time="0.002" /><testcase classname="tests.scenarios.test_02_check" name="test_check4" time="0.002" /><testcase classname="tests.scenarios.test_02_check" name="test_check5" time="0.002"><skipped type="pytest.xfail" message="" /></testcase><testcase classname="tests.scenarios.test_02_check" name="test_check6" time="0.003" /></testsuite></testsuites>